[     566ms] [INFO] %cDownload the React DevTools for a better development experience: https://react.dev/link/react-devtools font-weight:bold @ http://localhost:3000/_next/static/chunks/05w9_next_dist_04sc5oc._.js:2431
[     572ms] [LOG] [HMR] connected @ http://localhost:3000/_next/static/chunks/05w9_next_dist_04sc5oc._.js:2431
[   12292ms] [ERROR] WebSocket connection to 'ws://localhost:3000/_next/webpack-hmr?id=TOO2n9U3-3ge9c5E4NrmW' failed: Error in connection establishment: net::ERR_CONNECTION_REFUSED @ http://localhost:3000/_next/static/chunks/05w9_next_dist_client_0ppevk9._.js:13299
[   13294ms] [ERROR] WebSocket connection to 'ws://localhost:3000/_next/webpack-hmr?id=TOO2n9U3-3ge9c5E4NrmW' failed: Error in connection establishment: net::ERR_CONNECTION_REFUSED @ http://localhost:3000/_next/static/chunks/05w9_next_dist_client_0ppevk9._.js:13299
[   14295ms] [ERROR] WebSocket connection to 'ws://localhost:3000/_next/webpack-hmr?id=TOO2n9U3-3ge9c5E4NrmW' failed: Error in connection establishment: net::ERR_CONNECTION_REFUSED @ http://localhost:3000/_next/static/chunks/05w9_next_dist_client_0ppevk9._.js:13299
[   15297ms] [ERROR] WebSocket connection to 'ws://localhost:3000/_next/webpack-hmr?id=TOO2n9U3-3ge9c5E4NrmW' failed: Error in connection establishment: net::ERR_CONNECTION_REFUSED @ http://localhost:3000/_next/static/chunks/05w9_next_dist_client_0ppevk9._.js:13299
[   16300ms] [ERROR] WebSocket connection to 'ws://localhost:3000/_next/webpack-hmr?id=TOO2n9U3-3ge9c5E4NrmW' failed: Error in connection establishment: net::ERR_CONNECTION_REFUSED @ http://localhost:3000/_next/static/chunks/05w9_next_dist_client_0ppevk9._.js:13299
[   21301ms] [ERROR] WebSocket connection to 'ws://localhost:3000/_next/webpack-hmr?id=TOO2n9U3-3ge9c5E4NrmW' failed: Error in connection establishment: net::ERR_CONNECTION_REFUSED @ http://localhost:3000/_next/static/chunks/05w9_next_dist_client_0ppevk9._.js:13299
[   26303ms] [ERROR] WebSocket connection to 'ws://localhost:3000/_next/webpack-hmr?id=TOO2n9U3-3ge9c5E4NrmW' failed: Error in connection establishment: net::ERR_CONNECTION_REFUSED @ http://localhost:3000/_next/static/chunks/05w9_next_dist_client_0ppevk9._.js:13299
[   31306ms] [ERROR] WebSocket connection to 'ws://localhost:3000/_next/webpack-hmr?id=TOO2n9U3-3ge9c5E4NrmW' failed: Error in connection establishment: net::ERR_CONNECTION_REFUSED @ http://localhost:3000/_next/static/chunks/05w9_next_dist_client_0ppevk9._.js:13299
[   36310ms] [ERROR] WebSocket connection to 'ws://localhost:3000/_next/webpack-hmr?id=TOO2n9U3-3ge9c5E4NrmW' failed: Error in connection establishment: net::ERR_CONNECTION_REFUSED @ http://localhost:3000/_next/static/chunks/05w9_next_dist_client_0ppevk9._.js:13299
[   41314ms] [ERROR] WebSocket connection to 'ws://localhost:3000/_next/webpack-hmr?id=TOO2n9U3-3ge9c5E4NrmW' failed: Error in connection establishment: net::ERR_CONNECTION_REFUSED @ http://localhost:3000/_next/static/chunks/05w9_next_dist_client_0ppevk9._.js:13299
[   46317ms] [ERROR] WebSocket connection to 'ws://localhost:3000/_next/webpack-hmr?id=TOO2n9U3-3ge9c5E4NrmW' failed: Error in connection establishment: net::ERR_CONNECTION_REFUSED @ http://localhost:3000/_next/static/chunks/05w9_next_dist_client_0ppevk9._.js:13299
[   51321ms] [ERROR] WebSocket connection to 'ws://localhost:3000/_next/webpack-hmr?id=TOO2n9U3-3ge9c5E4NrmW' failed: Error in connection establishment: net::ERR_CONNECTION_REFUSED @ http://localhost:3000/_next/static/chunks/05w9_next_dist_client_0ppevk9._.js:13299
[  104334ms] [INFO] %cDownload the React DevTools for a better development experience: https://react.dev/link/react-devtools font-weight:bold @ http://localhost:3000/_next/static/chunks/05w9_next_dist_04sc5oc._.js:2431
[  104366ms] [LOG] [HMR] connected @ http://localhost:3000/_next/static/chunks/05w9_next_dist_04sc5oc._.js:2431
[  108998ms] [LOG] [Fast Refresh] rebuilding @ http://localhost:3000/_next/static/chunks/05w9_next_dist_04sc5oc._.js:2431
[  109085ms] [ERROR] Failed to load resource: the server responded with a status of 404 (Not Found) @ http://localhost:3000/posts/35029ccf-06a5-806a-9599-d0ec958c1cd7?_rsc=lquux:0
[  109112ms] [LOG] [Fast Refresh] done in 216ms @ http://localhost:3000/_next/static/chunks/05w9_next_dist_04sc5oc._.js:2431
[  109129ms] [ERROR] Failed to load resource: the server responded with a status of 404 (Not Found) @ http://localhost:3000/posts/35029ccf-06a5-806a-9599-d0ec958c1cd7:0
[  109139ms] [INFO] %cDownload the React DevTools for a better development experience: https://react.dev/link/react-devtools font-weight:bold @ http://localhost:3000/_next/static/chunks/05w9_next_dist_04sc5oc._.js:2431
[  109144ms] [LOG] [HMR] connected @ http://localhost:3000/_next/static/chunks/05w9_next_dist_04sc5oc._.js:2431
[  111945ms] [INFO] %cDownload the React DevTools for a better development experience: https://react.dev/link/react-devtools font-weight:bold @ http://localhost:3000/_next/static/chunks/05w9_next_dist_04sc5oc._.js:2431
[  111953ms] [LOG] [HMR] connected @ http://localhost:3000/_next/static/chunks/05w9_next_dist_04sc5oc._.js:2431
[  114171ms] [ERROR] Failed to load resource: the server responded with a status of 404 (Not Found) @ http://localhost:3000/upload?_rsc=lquux:0
[  114232ms] [ERROR] Failed to load resource: the server responded with a status of 404 (Not Found) @ http://localhost:3000/upload:0
[  114241ms] [INFO] %cDownload the React DevTools for a better development experience: https://react.dev/link/react-devtools font-weight:bold @ http://localhost:3000/_next/static/chunks/05w9_next_dist_04sc5oc._.js:2431
[  114246ms] [LOG] [HMR] connected @ http://localhost:3000/_next/static/chunks/05w9_next_dist_04sc5oc._.js:2431
[  116738ms] [INFO] %cDownload the React DevTools for a better development experience: https://react.dev/link/react-devtools font-weight:bold @ http://localhost:3000/_next/static/chunks/05w9_next_dist_04sc5oc._.js:2431
[  116744ms] [LOG] [HMR] connected @ http://localhost:3000/_next/static/chunks/05w9_next_dist_04sc5oc._.js:2431
[  288854ms] [ERROR] WebSocket connection to 'ws://localhost:3000/_next/webpack-hmr?id=jd2wPHefuzjxMxCPrSKa5' failed: Error in connection establishment: net::ERR_CONNECTION_REFUSED @ http://localhost:3000/_next/static/chunks/05w9_next_dist_client_0ppevk9._.js:13299
[  289856ms] [ERROR] WebSocket connection to 'ws://localhost:3000/_next/webpack-hmr?id=jd2wPHefuzjxMxCPrSKa5' failed: Error in connection establishment: net::ERR_CONNECTION_REFUSED @ http://localhost:3000/_next/static/chunks/05w9_next_dist_client_0ppevk9._.js:13299
[  290858ms] [ERROR] WebSocket connection to 'ws://localhost:3000/_next/webpack-hmr?id=jd2wPHefuzjxMxCPrSKa5' failed: Error in connection establishment: net::ERR_CONNECTION_REFUSED @ http://localhost:3000/_next/static/chunks/05w9_next_dist_client_0ppevk9._.js:13299
[  291861ms] [ERROR] WebSocket connection to 'ws://localhost:3000/_next/webpack-hmr?id=jd2wPHefuzjxMxCPrSKa5' failed: Error in connection establishment: net::ERR_CONNECTION_REFUSED @ http://localhost:3000/_next/static/chunks/05w9_next_dist_client_0ppevk9._.js:13299
[  292864ms] [ERROR] WebSocket connection to 'ws://localhost:3000/_next/webpack-hmr?id=jd2wPHefuzjxMxCPrSKa5' failed: Error in connection establishment: net::ERR_CONNECTION_REFUSED @ http://localhost:3000/_next/static/chunks/05w9_next_dist_client_0ppevk9._.js:13299
[  297867ms] [ERROR] WebSocket connection to 'ws://localhost:3000/_next/webpack-hmr?id=jd2wPHefuzjxMxCPrSKa5' failed: Error in connection establishment: net::ERR_CONNECTION_REFUSED @ http://localhost:3000/_next/static/chunks/05w9_next_dist_client_0ppevk9._.js:13299
[  302869ms] [ERROR] WebSocket connection to 'ws://localhost:3000/_next/webpack-hmr?id=jd2wPHefuzjxMxCPrSKa5' failed: Error in connection establishment: net::ERR_CONNECTION_REFUSED @ http://localhost:3000/_next/static/chunks/05w9_next_dist_client_0ppevk9._.js:13299
[  307872ms] [ERROR] WebSocket connection to 'ws://localhost:3000/_next/webpack-hmr?id=jd2wPHefuzjxMxCPrSKa5' failed: Error in connection establishment: net::ERR_CONNECTION_REFUSED @ http://localhost:3000/_next/static/chunks/05w9_next_dist_client_0ppevk9._.js:13299
[  312875ms] [ERROR] WebSocket connection to 'ws://localhost:3000/_next/webpack-hmr?id=jd2wPHefuzjxMxCPrSKa5' failed: Error in connection establishment: net::ERR_CONNECTION_REFUSED @ http://localhost:3000/_next/static/chunks/05w9_next_dist_client_0ppevk9._.js:13299
[  317882ms] [ERROR] WebSocket connection to 'ws://localhost:3000/_next/webpack-hmr?id=jd2wPHefuzjxMxCPrSKa5' failed: Error in connection establishment: net::ERR_CONNECTION_REFUSED @ http://localhost:3000/_next/static/chunks/05w9_next_dist_client_0ppevk9._.js:13299
[  322888ms] [ERROR] WebSocket connection to 'ws://localhost:3000/_next/webpack-hmr?id=jd2wPHefuzjxMxCPrSKa5' failed: Error in connection establishment: net::ERR_CONNECTION_REFUSED @ http://localhost:3000/_next/static/chunks/05w9_next_dist_client_0ppevk9._.js:13299
[  327899ms] [ERROR] WebSocket connection to 'ws://localhost:3000/_next/webpack-hmr?id=jd2wPHefuzjxMxCPrSKa5' failed: Error in connection establishment: net::ERR_CONNECTION_REFUSED @ http://localhost:3000/_next/static/chunks/05w9_next_dist_client_0ppevk9._.js:13299
[  353361ms] [INFO] %cDownload the React DevTools for a better development experience: https://react.dev/link/react-devtools font-weight:bold @ http://localhost:3000/_next/static/chunks/05w9_next_dist_04sc5oc._.js:2431
[  353394ms] [LOG] [HMR] connected @ http://localhost:3000/_next/static/chunks/05w9_next_dist_04sc5oc._.js:2431
