[     291ms] [ERROR] Failed to load resource: the server responded with a status of 500 (Internal Server Error) @ http://localhost:3000/:0
[     302ms] [INFO] %cDownload the React DevTools for a better development experience: https://react.dev/link/react-devtools font-weight:bold @ http://localhost:3000/_next/static/chunks/05w9_next_dist_04sc5oc._.js:2431
[     309ms] [LOG] [HMR] connected @ http://localhost:3000/_next/static/chunks/05w9_next_dist_04sc5oc._.js:2431
[     311ms] [WARNING] %c%s%c @notionhq/client warn: background: #e6e6e6;background: light-dark(rgba(0,0,0,0.1), rgba(255,255,255,0.25));color: #000000;color: light-dark(#000000, #ffffff);border-radius: 2px  Server   request fail {code: invalid_request_url, message: Invalid request URL., attempt: 0, requestId: be0d1444-1aff-4cda-9a79-877bd40b6c5b} @ http://localhost:3000/_next/static/chunks/05w9_next_dist_04sc5oc._.js:2431
[     315ms] [ERROR] Encountered a script tag while rendering React component. Scripts inside React components are never executed when rendering on the client. Consider using template tag instead (https://developer.mozilla.org/en-US/docs/Web/HTML/Element/template). @ http://localhost:3000/_next/static/chunks/05w9_next_dist_04sc5oc._.js:3272
[     357ms] APIResponseError: Invalid request URL.
    at getPosts (about://React/Server/file:///Users/wonseokpark/workspace/notion-cms-project/.next/dev/server/chunks/ssr/%255Broot-of-the-server%255D__0q0%257E.a%257E._.js?id=%255Bproject%255D%252Fservices%252Fnotion.ts+%255Bapp-rsc%255D+%2528ecmascript%2529?0:21:22)
    at HomePage (about://React/Server/file:///Users/wonseokpark/workspace/notion-cms-project/.next/dev/server/chunks/ssr/%5Broot-of-the-server%5D__0q0~.a~._.js?1:256:19)
    at resolveErrorDev (http://localhost:3000/_next/static/chunks/05w9_next_dist_compiled_react-server-dom-turbopack_0bo766h._.js:1919:105)
    at processFullStringRow (http://localhost:3000/_next/static/chunks/05w9_next_dist_compiled_react-server-dom-turbopack_0bo766h._.js:2434:29)
    at processFullBinaryRow (http://localhost:3000/_next/static/chunks/05w9_next_dist_compiled_react-server-dom-turbopack_0bo766h._.js:2393:9)
    at processBinaryChunk (http://localhost:3000/_next/static/chunks/05w9_next_dist_compiled_react-server-dom-turbopack_0bo766h._.js:2502:221)
    at progress (http://localhost:3000/_next/static/chunks/05w9_next_dist_compiled_react-server-dom-turbopack_0bo766h._.js:2689:13)
[  158678ms] [LOG] [Fast Refresh] rebuilding @ http://localhost:3000/_next/static/chunks/05w9_next_dist_04sc5oc._.js:2431
[  158710ms] [LOG] [Fast Refresh] done in 15ms @ http://localhost:3000/_next/static/chunks/05w9_next_dist_04sc5oc._.js:2431
[  158965ms] [ERROR] Failed to load resource: the server responded with a status of 500 (Internal Server Error) @ http://localhost:3000/:0
[  158980ms] [INFO] %cDownload the React DevTools for a better development experience: https://react.dev/link/react-devtools font-weight:bold @ http://localhost:3000/_next/static/chunks/05w9_next_dist_04sc5oc._.js:2431
[  158987ms] [LOG] [HMR] connected @ http://localhost:3000/_next/static/chunks/05w9_next_dist_04sc5oc._.js:2431
[  158989ms] [WARNING] %c%s%c @notionhq/client warn: background: #e6e6e6;background: light-dark(rgba(0,0,0,0.1), rgba(255,255,255,0.25));color: #000000;color: light-dark(#000000, #ffffff);border-radius: 2px  Server   request fail {code: invalid_request_url, message: Invalid request URL., attempt: 0, requestId: 24abdc98-d232-4719-9b34-98337e58894d} @ http://localhost:3000/_next/static/chunks/05w9_next_dist_04sc5oc._.js:2431
[  158993ms] [ERROR] Encountered a script tag while rendering React component. Scripts inside React components are never executed when rendering on the client. Consider using template tag instead (https://developer.mozilla.org/en-US/docs/Web/HTML/Element/template). @ http://localhost:3000/_next/static/chunks/05w9_next_dist_04sc5oc._.js:3272
[  159030ms] APIResponseError: Invalid request URL.
    at getPosts (about://React/Server/file:///Users/wonseokpark/workspace/notion-cms-project/.next/dev/server/chunks/ssr/%255Broot-of-the-server%255D__0q0%257E.a%257E._.js?id=%255Bproject%255D%252Fservices%252Fnotion.ts+%255Bapp-rsc%255D+%2528ecmascript%2529?0:21:22)
    at HomePage (about://React/Server/file:///Users/wonseokpark/workspace/notion-cms-project/.next/dev/server/chunks/ssr/%5Broot-of-the-server%5D__0q0~.a~._.js?1:256:19)
    at resolveErrorDev (http://localhost:3000/_next/static/chunks/05w9_next_dist_compiled_react-server-dom-turbopack_0bo766h._.js:1919:105)
    at processFullStringRow (http://localhost:3000/_next/static/chunks/05w9_next_dist_compiled_react-server-dom-turbopack_0bo766h._.js:2434:29)
    at processFullBinaryRow (http://localhost:3000/_next/static/chunks/05w9_next_dist_compiled_react-server-dom-turbopack_0bo766h._.js:2393:9)
    at processBinaryChunk (http://localhost:3000/_next/static/chunks/05w9_next_dist_compiled_react-server-dom-turbopack_0bo766h._.js:2502:221)
    at progress (http://localhost:3000/_next/static/chunks/05w9_next_dist_compiled_react-server-dom-turbopack_0bo766h._.js:2689:13)
