[     503ms] [INFO] %cDownload the React DevTools for a better development experience: https://react.dev/link/react-devtools font-weight:bold @ http://localhost:3000/_next/static/chunks/05w9_next_dist_04sc5oc._.js:2431
[     512ms] [LOG] [HMR] connected @ http://localhost:3000/_next/static/chunks/05w9_next_dist_04sc5oc._.js:2431
[    8002ms] [LOG] [Fast Refresh] rebuilding @ http://localhost:3000/_next/static/chunks/05w9_next_dist_04sc5oc._.js:2431
[    8101ms] [LOG] [Fast Refresh] done in 199ms @ http://localhost:3000/_next/static/chunks/05w9_next_dist_04sc5oc._.js:2431
[   19072ms] [ERROR] WebSocket connection to 'ws://localhost:3000/_next/webpack-hmr?id=fEvsgs3K0GoEBe-a_r6LE' failed: Error in connection establishment: net::ERR_CONNECTION_REFUSED @ http://localhost:3000/_next/static/chunks/05w9_next_dist_client_0ppevk9._.js:13299
[   20075ms] [ERROR] WebSocket connection to 'ws://localhost:3000/_next/webpack-hmr?id=fEvsgs3K0GoEBe-a_r6LE' failed: Error in connection establishment: net::ERR_CONNECTION_REFUSED @ http://localhost:3000/_next/static/chunks/05w9_next_dist_client_0ppevk9._.js:13299
[   21076ms] [ERROR] WebSocket connection to 'ws://localhost:3000/_next/webpack-hmr?id=fEvsgs3K0GoEBe-a_r6LE' failed: Error in connection establishment: net::ERR_CONNECTION_REFUSED @ http://localhost:3000/_next/static/chunks/05w9_next_dist_client_0ppevk9._.js:13299
[   22078ms] [ERROR] WebSocket connection to 'ws://localhost:3000/_next/webpack-hmr?id=fEvsgs3K0GoEBe-a_r6LE' failed: Error in connection establishment: net::ERR_CONNECTION_REFUSED @ http://localhost:3000/_next/static/chunks/05w9_next_dist_client_0ppevk9._.js:13299
[   23082ms] [ERROR] WebSocket connection to 'ws://localhost:3000/_next/webpack-hmr?id=fEvsgs3K0GoEBe-a_r6LE' failed: Error in connection establishment: net::ERR_CONNECTION_REFUSED @ http://localhost:3000/_next/static/chunks/05w9_next_dist_client_0ppevk9._.js:13299
[   28087ms] [ERROR] WebSocket connection to 'ws://localhost:3000/_next/webpack-hmr?id=fEvsgs3K0GoEBe-a_r6LE' failed: Error in connection establishment: net::ERR_CONNECTION_REFUSED @ http://localhost:3000/_next/static/chunks/05w9_next_dist_client_0ppevk9._.js:13299
[   33091ms] [ERROR] WebSocket connection to 'ws://localhost:3000/_next/webpack-hmr?id=fEvsgs3K0GoEBe-a_r6LE' failed: Error in connection establishment: net::ERR_CONNECTION_REFUSED @ http://localhost:3000/_next/static/chunks/05w9_next_dist_client_0ppevk9._.js:13299
[   38095ms] [ERROR] WebSocket connection to 'ws://localhost:3000/_next/webpack-hmr?id=fEvsgs3K0GoEBe-a_r6LE' failed: Error in connection establishment: net::ERR_CONNECTION_REFUSED @ http://localhost:3000/_next/static/chunks/05w9_next_dist_client_0ppevk9._.js:13299
[   42037ms] [ERROR] Failed to load resource: net::ERR_CONNECTION_REFUSED @ http://localhost:3000/?_rsc=yawkn:0
[   42038ms] [ERROR] Failed to fetch RSC payload for http://localhost:3000/. Falling back to browser navigation. TypeError: Failed to fetch
    at createFetch (http://localhost:3000/_next/static/chunks/05w9_next_dist_client_0ppevk9._.js:8084:21)
    at fetchServerResponse (http://localhost:3000/_next/static/chunks/05w9_next_dist_client_0ppevk9._.js:7928:27)
    at navigateToUnknownRoute (http://localhost:3000/_next/static/chunks/05w9_next_dist_client_0ppevk9._.js:10094:90)
    at navigateImpl (http://localhost:3000/_next/static/chunks/05w9_next_dist_client_0ppevk9._.js:9989:12)
    at navigate (http://localhost:3000/_next/static/chunks/05w9_next_dist_client_0ppevk9._.js:9953:12)
    at navigateReducer (http://localhost:3000/_next/static/chunks/05w9_next_dist_client_0ppevk9._.js:10530:37)
    at clientReducer (http://localhost:3000/_next/static/chunks/05w9_next_dist_client_0ppevk9._.js:11382:61)
    at Object.action (http://localhost:3000/_next/static/chunks/05w9_next_dist_client_0ppevk9._.js:11631:55)
    at runAction (http://localhost:3000/_next/static/chunks/05w9_next_dist_client_0ppevk9._.js:11536:38)
    at dispatchAction (http://localhost:3000/_next/static/chunks/05w9_next_dist_client_0ppevk9._.js:11599:9)
    at Object.dispatch (http://localhost:3000/_next/static/chunks/05w9_next_dist_client_0ppevk9._.js:11629:40)
    at http://localhost:3000/_next/static/chunks/05w9_next_dist_client_0ppevk9._.js:963:29
    at startTransition (http://localhost:3000/_next/static/chunks/05w9_next_dist_compiled_react-dom_0r6u5qa._.js:5469:31)
    at nextDispatch (http://localhost:3000/_next/static/chunks/05w9_next_dist_client_0ppevk9._.js:962:13)
    at dispatchAppRouterAction (http://localhost:3000/_next/static/chunks/05w9_next_dist_client_0ppevk9._.js:922:5)
    at dispatchNavigateAction (http://localhost:3000/_next/static/chunks/05w9_next_dist_client_0ppevk9._.js:11688:49)
    at http://localhost:3000/_next/static/chunks/node_modules__pnpm_0p46mmr._.js:12753:13
    at Object.startTransition (http://localhost:3000/_next/static/chunks/05w9_next_dist_compiled_0kz62jm._.js:1279:31)
    at linkClicked (http://localhost:3000/_next/static/chunks/node_modules__pnpm_0p46mmr._.js:12752:24)
    at onClick (http://localhost:3000/_next/static/chunks/node_modules__pnpm_0p46mmr._.js:12992:13)
    at executeDispatch (http://localhost:3000/_next/static/chunks/05w9_next_dist_compiled_react-dom_0r6u5qa._.js:10329:13)
    at runWithFiberInDEV (http://localhost:3000/_next/static/chunks/05w9_next_dist_compiled_react-dom_0r6u5qa._.js:965:74)
    at processDispatchQueue (http://localhost:3000/_next/static/chunks/05w9_next_dist_compiled_react-dom_0r6u5qa._.js:10355:41)
    at http://localhost:3000/_next/static/chunks/05w9_next_dist_compiled_react-dom_0r6u5qa._.js:10633:13
    at batchedUpdates$1 (http://localhost:3000/_next/static/chunks/05w9_next_dist_compiled_react-dom_0r6u5qa._.js:2253:44)
    at dispatchEventForPluginEventSystem (http://localhost:3000/_next/static/chunks/05w9_next_dist_compiled_react-dom_0r6u5qa._.js:10431:9)
    at dispatchEvent (http://localhost:3000/_next/static/chunks/05w9_next_dist_compiled_react-dom_0r6u5qa._.js:13002:37)
    at dispatchDiscreteEvent (http://localhost:3000/_next/static/chunks/05w9_next_dist_compiled_react-dom_0r6u5qa._.js:12984:64) @ http://localhost:3000/_next/static/chunks/05w9_next_dist_04sc5oc._.js:3272
[   42049ms] [ERROR] WebSocket is already in CLOSING or CLOSED state. @ http://localhost:3000/_next/static/chunks/05w9_next_dist_04sc5oc._.js:2790
[   42054ms] [ERROR] Failed to load resource: net::ERR_CONNECTION_REFUSED @ http://localhost:3000/__nextjs_original-stack-frames:0
[   53075ms] [INFO] %cDownload the React DevTools for a better development experience: https://react.dev/link/react-devtools font-weight:bold @ http://localhost:3000/_next/static/chunks/05w9_next_dist_04sc5oc._.js:2431
[   53083ms] [LOG] [HMR] connected @ http://localhost:3000/_next/static/chunks/05w9_next_dist_04sc5oc._.js:2431
[   89924ms] [ERROR] WebSocket connection to 'ws://localhost:3000/_next/webpack-hmr?id=2VULAh58ES3UiU28Ai7Wk' failed: Error in connection establishment: net::ERR_CONNECTION_REFUSED @ http://localhost:3000/_next/static/chunks/05w9_next_dist_client_0ppevk9._.js:13299
[   90927ms] [ERROR] WebSocket connection to 'ws://localhost:3000/_next/webpack-hmr?id=2VULAh58ES3UiU28Ai7Wk' failed: Error in connection establishment: net::ERR_CONNECTION_REFUSED @ http://localhost:3000/_next/static/chunks/05w9_next_dist_client_0ppevk9._.js:13299
[   91929ms] [ERROR] WebSocket connection to 'ws://localhost:3000/_next/webpack-hmr?id=2VULAh58ES3UiU28Ai7Wk' failed: Error in connection establishment: net::ERR_CONNECTION_REFUSED @ http://localhost:3000/_next/static/chunks/05w9_next_dist_client_0ppevk9._.js:13299
[   92933ms] [ERROR] WebSocket connection to 'ws://localhost:3000/_next/webpack-hmr?id=2VULAh58ES3UiU28Ai7Wk' failed: Error in connection establishment: net::ERR_CONNECTION_REFUSED @ http://localhost:3000/_next/static/chunks/05w9_next_dist_client_0ppevk9._.js:13299
[   93936ms] [ERROR] WebSocket connection to 'ws://localhost:3000/_next/webpack-hmr?id=2VULAh58ES3UiU28Ai7Wk' failed: Error in connection establishment: net::ERR_CONNECTION_REFUSED @ http://localhost:3000/_next/static/chunks/05w9_next_dist_client_0ppevk9._.js:13299
[   98940ms] [ERROR] WebSocket connection to 'ws://localhost:3000/_next/webpack-hmr?id=2VULAh58ES3UiU28Ai7Wk' failed: Error in connection establishment: net::ERR_CONNECTION_REFUSED @ http://localhost:3000/_next/static/chunks/05w9_next_dist_client_0ppevk9._.js:13299
[  103943ms] [ERROR] WebSocket connection to 'ws://localhost:3000/_next/webpack-hmr?id=2VULAh58ES3UiU28Ai7Wk' failed: Error in connection establishment: net::ERR_CONNECTION_REFUSED @ http://localhost:3000/_next/static/chunks/05w9_next_dist_client_0ppevk9._.js:13299
[  108946ms] [ERROR] WebSocket connection to 'ws://localhost:3000/_next/webpack-hmr?id=2VULAh58ES3UiU28Ai7Wk' failed: Error in connection establishment: net::ERR_CONNECTION_REFUSED @ http://localhost:3000/_next/static/chunks/05w9_next_dist_client_0ppevk9._.js:13299
[  113950ms] [ERROR] WebSocket connection to 'ws://localhost:3000/_next/webpack-hmr?id=2VULAh58ES3UiU28Ai7Wk' failed: Error in connection establishment: net::ERR_CONNECTION_REFUSED @ http://localhost:3000/_next/static/chunks/05w9_next_dist_client_0ppevk9._.js:13299
[  118956ms] [ERROR] WebSocket connection to 'ws://localhost:3000/_next/webpack-hmr?id=2VULAh58ES3UiU28Ai7Wk' failed: Error in connection establishment: net::ERR_CONNECTION_REFUSED @ http://localhost:3000/_next/static/chunks/05w9_next_dist_client_0ppevk9._.js:13299
[  123963ms] [ERROR] WebSocket connection to 'ws://localhost:3000/_next/webpack-hmr?id=2VULAh58ES3UiU28Ai7Wk' failed: Error in connection establishment: net::ERR_CONNECTION_REFUSED @ http://localhost:3000/_next/static/chunks/05w9_next_dist_client_0ppevk9._.js:13299
[  128969ms] [ERROR] WebSocket connection to 'ws://localhost:3000/_next/webpack-hmr?id=2VULAh58ES3UiU28Ai7Wk' failed: Error in connection establishment: net::ERR_CONNECTION_REFUSED @ http://localhost:3000/_next/static/chunks/05w9_next_dist_client_0ppevk9._.js:13299
[  495435ms] [INFO] %cDownload the React DevTools for a better development experience: https://react.dev/link/react-devtools font-weight:bold @ http://localhost:3000/_next/static/chunks/05w9_next_dist_04sc5oc._.js:2431
[  495443ms] [LOG] [HMR] connected @ http://localhost:3000/_next/static/chunks/05w9_next_dist_04sc5oc._.js:2431
[  643672ms] [LOG] [Fast Refresh] rebuilding @ http://localhost:3000/_next/static/chunks/05w9_next_dist_04sc5oc._.js:2431
[  643732ms] [LOG] [Fast Refresh] done in 27ms @ http://localhost:3000/_next/static/chunks/05w9_next_dist_04sc5oc._.js:2431
[  649552ms] [LOG] [Fast Refresh] rebuilding @ http://localhost:3000/_next/static/chunks/05w9_next_dist_04sc5oc._.js:2431
[  649690ms] [ERROR] ./app/upload/page.tsx:1:1
Module not found: Can't resolve '@/components/features/UploadForm'
> 1 | import { UploadForm } from '@/components/features/UploadForm';
    | ^^^^^^^^^^^^^^^^^^^^^^^^^^^^^^^^^^^^^^^^^^^^^^^^^^^^^^^^^^^^^^
  2 |
  3 | export default function UploadPage() {
  4 |   return (

Import map: aliased to relative './components/features/UploadForm' inside of [project]/

https://nextjs.org/docs/messages/module-not-found @ http://localhost:3000/_next/static/chunks/05w9_next_dist_04sc5oc._.js:3272
[  649792ms] [LOG] [Fast Refresh] rebuilding @ http://localhost:3000/_next/static/chunks/05w9_next_dist_04sc5oc._.js:2431
[  649909ms] [ERROR] ./app/upload/page.tsx:1:1
Module not found: Can't resolve '@/components/features/UploadForm'
> 1 | import { UploadForm } from '@/components/features/UploadForm';
    | ^^^^^^^^^^^^^^^^^^^^^^^^^^^^^^^^^^^^^^^^^^^^^^^^^^^^^^^^^^^^^^
  2 |
  3 | export default function UploadPage() {
  4 |   return (

Import map: aliased to relative './components/features/UploadForm' inside of [project]/

https://nextjs.org/docs/messages/module-not-found @ http://localhost:3000/_next/static/chunks/05w9_next_dist_04sc5oc._.js:3272
[  650010ms] [LOG] [Fast Refresh] rebuilding @ http://localhost:3000/_next/static/chunks/05w9_next_dist_04sc5oc._.js:2431
[  650048ms] [ERROR] ./app/upload/page.tsx:1:1
Module not found: Can't resolve '@/components/features/UploadForm'
> 1 | import { UploadForm } from '@/components/features/UploadForm';
    | ^^^^^^^^^^^^^^^^^^^^^^^^^^^^^^^^^^^^^^^^^^^^^^^^^^^^^^^^^^^^^^
  2 |
  3 | export default function UploadPage() {
  4 |   return (

Import map: aliased to relative './components/features/UploadForm' inside of [project]/

https://nextjs.org/docs/messages/module-not-found @ http://localhost:3000/_next/static/chunks/05w9_next_dist_04sc5oc._.js:3272
[  650048ms] [ERROR] Failed to load resource: the server responded with a status of 500 (Internal Server Error) @ http://localhost:3000/upload?_rsc=lquux:0
[  650086ms] [ERROR] Failed to load resource: the server responded with a status of 500 (Internal Server Error) @ http://localhost:3000/upload:0
[  650121ms] [INFO] %cDownload the React DevTools for a better development experience: https://react.dev/link/react-devtools font-weight:bold @ http://localhost:3000/_next/static/chunks/0p2h_react-dom_0vsf22y._.js:15305
[  650146ms] Error: ./app/upload/page.tsx:1:1
Module not found: Can't resolve '@/components/features/UploadForm'
> 1 | import { UploadForm } from '@/components/features/UploadForm';
    | ^^^^^^^^^^^^^^^^^^^^^^^^^^^^^^^^^^^^^^^^^^^^^^^^^^^^^^^^^^^^^^
  2 |
  3 | export default function UploadPage() {
  4 |   return (

Import map: aliased to relative './components/features/UploadForm' inside of [project]/


https://nextjs.org/docs/messages/module-not-found


    at <unknown> (Error: ./app/upload/page.tsx:1:1)
    at <unknown> (https://nextjs.org/docs/messages/module-not-found)
    at Object.getCompilationErrors (file:///Users/wonseokpark/workspace/notion-cms-project/node_modules/.pnpm/next@16.2.4_@babel+core@7.29.0_react-dom@19.2.4_react@19.2.4__react@19.2.4/node_modules/next/dist/server/dev/hot-reloader-turbopack.js:1186:59)
    at DevBundlerService.getCompilationError (file:///Users/wonseokpark/workspace/notion-cms-project/node_modules/.pnpm/next@16.2.4_@babel+core@7.29.0_react-dom@19.2.4_react@19.2.4__react@19.2.4/node_modules/next/dist/server/lib/dev-bundler-service.js:44:55)
    at DevServer.getCompilationError (file:///Users/wonseokpark/workspace/notion-cms-project/node_modules/.pnpm/next@16.2.4_@babel+core@7.29.0_react-dom@19.2.4_react@19.2.4__react@19.2.4/node_modules/next/dist/server/dev/next-dev-server.js:719:42)
    at DevServer.findPageComponents (file:///Users/wonseokpark/workspace/notion-cms-project/node_modules/.pnpm/next@16.2.4_@babel+core@7.29.0_react-dom@19.2.4_react@19.2.4__react@19.2.4/node_modules/next/dist/server/dev/next-dev-server.js:689:43)
    at async DevServer.renderErrorToResponseImpl (file:///Users/wonseokpark/workspace/notion-cms-project/node_modules/.pnpm/next@16.2.4_@babel+core@7.29.0_react-dom@19.2.4_react@19.2.4__react@19.2.4/node_modules/next/dist/server/base-server.js:1745:26)
[  650146ms] [LOG] [HMR] connected @ http://localhost:3000/_next/static/chunks/05w9_next_dist_0a5n17-._.js:1226
[  650148ms] [ERROR] ./app/upload/page.tsx:1:1
Module not found: Can't resolve '@/components/features/UploadForm'
> 1 | import { UploadForm } from '@/components/features/UploadForm';
    | ^^^^^^^^^^^^^^^^^^^^^^^^^^^^^^^^^^^^^^^^^^^^^^^^^^^^^^^^^^^^^^
  2 |
  3 | export default function UploadPage() {
  4 |   return (

Import map: aliased to relative './components/features/UploadForm' inside of [project]/

https://nextjs.org/docs/messages/module-not-found @ http://localhost:3000/_next/static/chunks/05w9_next_dist_0a5n17-._.js:1945
[  650195ms] [ERROR] ./app/upload/page.tsx:1:1
Module not found: Can't resolve '@/components/features/UploadForm'
> 1 | import { UploadForm } from '@/components/features/UploadForm';
    | ^^^^^^^^^^^^^^^^^^^^^^^^^^^^^^^^^^^^^^^^^^^^^^^^^^^^^^^^^^^^^^
  2 |
  3 | export default function UploadPage() {
  4 |   return (

Import map: aliased to relative './components/features/UploadForm' inside of [project]/

https://nextjs.org/docs/messages/module-not-found @ http://localhost:3000/_next/static/chunks/05w9_next_dist_0a5n17-._.js:1945
[  650253ms] [LOG] [Fast Refresh] rebuilding @ http://localhost:3000/_next/static/chunks/05w9_next_dist_0a5n17-._.js:1226
[  651867ms] [INFO] %cDownload the React DevTools for a better development experience: https://react.dev/link/react-devtools font-weight:bold @ http://localhost:3000/_next/static/chunks/05w9_next_dist_04sc5oc._.js:2431
[  651874ms] [LOG] [HMR] connected @ http://localhost:3000/_next/static/chunks/05w9_next_dist_04sc5oc._.js:2431
[  651875ms] [ERROR] ./app/upload/page.tsx:1:1
Module not found: Can't resolve '@/components/features/UploadForm'
> 1 | import { UploadForm } from '@/components/features/UploadForm';
    | ^^^^^^^^^^^^^^^^^^^^^^^^^^^^^^^^^^^^^^^^^^^^^^^^^^^^^^^^^^^^^^
  2 |
  3 | export default function UploadPage() {
  4 |   return (

Import map: aliased to relative './components/features/UploadForm' inside of [project]/

https://nextjs.org/docs/messages/module-not-found @ http://localhost:3000/_next/static/chunks/05w9_next_dist_04sc5oc._.js:3272
[  651908ms] [ERROR] ./app/upload/page.tsx:1:1
Module not found: Can't resolve '@/components/features/UploadForm'
> 1 | import { UploadForm } from '@/components/features/UploadForm';
    | ^^^^^^^^^^^^^^^^^^^^^^^^^^^^^^^^^^^^^^^^^^^^^^^^^^^^^^^^^^^^^^
  2 |
  3 | export default function UploadPage() {
  4 |   return (

Import map: aliased to relative './components/features/UploadForm' inside of [project]/

https://nextjs.org/docs/messages/module-not-found @ http://localhost:3000/_next/static/chunks/05w9_next_dist_04sc5oc._.js:3272
[  651981ms] [LOG] [Fast Refresh] rebuilding @ http://localhost:3000/_next/static/chunks/05w9_next_dist_04sc5oc._.js:2431
[  653705ms] [ERROR] ./app/upload/page.tsx:1:1
Module not found: Can't resolve '@/components/features/UploadForm'
> 1 | import { UploadForm } from '@/components/features/UploadForm';
    | ^^^^^^^^^^^^^^^^^^^^^^^^^^^^^^^^^^^^^^^^^^^^^^^^^^^^^^^^^^^^^^
  2 |
  3 | export default function UploadPage() {
  4 |   return (

Import map: aliased to relative './components/features/UploadForm' inside of [project]/

https://nextjs.org/docs/messages/module-not-found @ http://localhost:3000/_next/static/chunks/05w9_next_dist_04sc5oc._.js:3272
[  653763ms] [LOG] [Fast Refresh] rebuilding @ http://localhost:3000/_next/static/chunks/05w9_next_dist_04sc5oc._.js:2431
[  655538ms] [INFO] %cDownload the React DevTools for a better development experience: https://react.dev/link/react-devtools font-weight:bold @ http://localhost:3000/_next/static/chunks/05w9_next_dist_04sc5oc._.js:2431
[  655543ms] [LOG] [HMR] connected @ http://localhost:3000/_next/static/chunks/05w9_next_dist_04sc5oc._.js:2431
[  655544ms] [ERROR] ./app/upload/page.tsx:1:1
Module not found: Can't resolve '@/components/features/UploadForm'
> 1 | import { UploadForm } from '@/components/features/UploadForm';
    | ^^^^^^^^^^^^^^^^^^^^^^^^^^^^^^^^^^^^^^^^^^^^^^^^^^^^^^^^^^^^^^
  2 |
  3 | export default function UploadPage() {
  4 |   return (

Import map: aliased to relative './components/features/UploadForm' inside of [project]/

https://nextjs.org/docs/messages/module-not-found @ http://localhost:3000/_next/static/chunks/05w9_next_dist_04sc5oc._.js:3272
[  655577ms] [ERROR] ./app/upload/page.tsx:1:1
Module not found: Can't resolve '@/components/features/UploadForm'
> 1 | import { UploadForm } from '@/components/features/UploadForm';
    | ^^^^^^^^^^^^^^^^^^^^^^^^^^^^^^^^^^^^^^^^^^^^^^^^^^^^^^^^^^^^^^
  2 |
  3 | export default function UploadPage() {
  4 |   return (

Import map: aliased to relative './components/features/UploadForm' inside of [project]/

https://nextjs.org/docs/messages/module-not-found @ http://localhost:3000/_next/static/chunks/05w9_next_dist_04sc5oc._.js:3272
[  655650ms] [LOG] [Fast Refresh] rebuilding @ http://localhost:3000/_next/static/chunks/05w9_next_dist_04sc5oc._.js:2431
[  669643ms] [LOG] [Fast Refresh] rebuilding @ http://localhost:3000/_next/static/chunks/05w9_next_dist_04sc5oc._.js:2431
[  669644ms] Error: Internal Next.js error: Router action dispatched before initialization.
    at dispatchAppRouterAction (http://localhost:3000/_next/static/chunks/05w9_next_dist_client_0ppevk9._.js:916:37)
    at http://localhost:3000/_next/static/chunks/05w9_next_dist_client_0ppevk9._.js:11800:61
    at startTransition (http://localhost:3000/_next/static/chunks/05w9_next_dist_compiled_0kz62jm._.js:1279:31)
    at Object.hmrRefresh (http://localhost:3000/_next/static/chunks/05w9_next_dist_client_0ppevk9._.js:11799:40)
    at http://localhost:3000/_next/static/chunks/05w9_next_dist_client_0ppevk9._.js:13967:64
    at startTransition (http://localhost:3000/_next/static/chunks/05w9_next_dist_compiled_0kz62jm._.js:1279:31)
    at processMessage (http://localhost:3000/_next/static/chunks/05w9_next_dist_client_0ppevk9._.js:13966:44)
    at WebSocket.handleMessage (http://localhost:3000/_next/static/chunks/05w9_next_dist_client_0ppevk9._.js:13335:52)
[  669654ms] Error: Internal Next.js error: Router action dispatched before initialization.
    at dispatchAppRouterAction (http://localhost:3000/_next/static/chunks/05w9_next_dist_client_0ppevk9._.js:916:37)
    at http://localhost:3000/_next/static/chunks/05w9_next_dist_client_0ppevk9._.js:11800:61
    at startTransition (http://localhost:3000/_next/static/chunks/05w9_next_dist_compiled_0kz62jm._.js:1279:31)
    at Object.hmrRefresh (http://localhost:3000/_next/static/chunks/05w9_next_dist_client_0ppevk9._.js:11799:40)
    at http://localhost:3000/_next/static/chunks/05w9_next_dist_client_0ppevk9._.js:13967:64
    at startTransition (http://localhost:3000/_next/static/chunks/05w9_next_dist_compiled_0kz62jm._.js:1279:31)
    at processMessage (http://localhost:3000/_next/static/chunks/05w9_next_dist_client_0ppevk9._.js:13966:44)
    at WebSocket.handleMessage (http://localhost:3000/_next/static/chunks/05w9_next_dist_client_0ppevk9._.js:13335:52)
[  669657ms] Error: Internal Next.js error: Router action dispatched before initialization.
    at dispatchAppRouterAction (http://localhost:3000/_next/static/chunks/05w9_next_dist_client_0ppevk9._.js:916:37)
    at http://localhost:3000/_next/static/chunks/05w9_next_dist_client_0ppevk9._.js:11800:61
    at startTransition (http://localhost:3000/_next/static/chunks/05w9_next_dist_compiled_0kz62jm._.js:1279:31)
    at Object.hmrRefresh (http://localhost:3000/_next/static/chunks/05w9_next_dist_client_0ppevk9._.js:11799:40)
    at http://localhost:3000/_next/static/chunks/05w9_next_dist_client_0ppevk9._.js:13967:64
    at startTransition (http://localhost:3000/_next/static/chunks/05w9_next_dist_compiled_0kz62jm._.js:1279:31)
    at processMessage (http://localhost:3000/_next/static/chunks/05w9_next_dist_client_0ppevk9._.js:13966:44)
    at WebSocket.handleMessage (http://localhost:3000/_next/static/chunks/05w9_next_dist_client_0ppevk9._.js:13335:52)
[  669658ms] Error: Internal Next.js error: Router action dispatched before initialization.
    at dispatchAppRouterAction (http://localhost:3000/_next/static/chunks/05w9_next_dist_client_0ppevk9._.js:916:37)
    at http://localhost:3000/_next/static/chunks/05w9_next_dist_client_0ppevk9._.js:11800:61
    at startTransition (http://localhost:3000/_next/static/chunks/05w9_next_dist_compiled_0kz62jm._.js:1279:31)
    at Object.hmrRefresh (http://localhost:3000/_next/static/chunks/05w9_next_dist_client_0ppevk9._.js:11799:40)
    at http://localhost:3000/_next/static/chunks/05w9_next_dist_client_0ppevk9._.js:13967:64
    at startTransition (http://localhost:3000/_next/static/chunks/05w9_next_dist_compiled_0kz62jm._.js:1279:31)
    at processMessage (http://localhost:3000/_next/static/chunks/05w9_next_dist_client_0ppevk9._.js:13966:44)
    at WebSocket.handleMessage (http://localhost:3000/_next/static/chunks/05w9_next_dist_client_0ppevk9._.js:13335:52)
[  669660ms] Error: Internal Next.js error: Router action dispatched before initialization.
    at dispatchAppRouterAction (http://localhost:3000/_next/static/chunks/05w9_next_dist_client_0ppevk9._.js:916:37)
    at http://localhost:3000/_next/static/chunks/05w9_next_dist_client_0ppevk9._.js:11800:61
    at startTransition (http://localhost:3000/_next/static/chunks/05w9_next_dist_compiled_0kz62jm._.js:1279:31)
    at Object.hmrRefresh (http://localhost:3000/_next/static/chunks/05w9_next_dist_client_0ppevk9._.js:11799:40)
    at http://localhost:3000/_next/static/chunks/05w9_next_dist_client_0ppevk9._.js:13967:64
    at startTransition (http://localhost:3000/_next/static/chunks/05w9_next_dist_compiled_0kz62jm._.js:1279:31)
    at processMessage (http://localhost:3000/_next/static/chunks/05w9_next_dist_client_0ppevk9._.js:13966:44)
    at WebSocket.handleMessage (http://localhost:3000/_next/static/chunks/05w9_next_dist_client_0ppevk9._.js:13335:52)
[  669661ms] Error: Internal Next.js error: Router action dispatched before initialization.
    at dispatchAppRouterAction (http://localhost:3000/_next/static/chunks/05w9_next_dist_client_0ppevk9._.js:916:37)
    at http://localhost:3000/_next/static/chunks/05w9_next_dist_client_0ppevk9._.js:11800:61
    at startTransition (http://localhost:3000/_next/static/chunks/05w9_next_dist_compiled_0kz62jm._.js:1279:31)
    at Object.hmrRefresh (http://localhost:3000/_next/static/chunks/05w9_next_dist_client_0ppevk9._.js:11799:40)
    at http://localhost:3000/_next/static/chunks/05w9_next_dist_client_0ppevk9._.js:13967:64
    at startTransition (http://localhost:3000/_next/static/chunks/05w9_next_dist_compiled_0kz62jm._.js:1279:31)
    at processMessage (http://localhost:3000/_next/static/chunks/05w9_next_dist_client_0ppevk9._.js:13966:44)
    at WebSocket.handleMessage (http://localhost:3000/_next/static/chunks/05w9_next_dist_client_0ppevk9._.js:13335:52)
[  669692ms] [LOG] [Fast Refresh] done in 105ms @ http://localhost:3000/_next/static/chunks/05w9_next_dist_04sc5oc._.js:2431
