[    4504ms] [WARNING] <link rel=preload> uses an unsupported `as` value @ https://www.notion.com/ko:55
[    5427ms] [WARNING] Amplitude Logger [Warn]: Event not tracked, no destination plugins on the instance @ https://www.notion.com/_next/static/chunks/sentry.next.fbd5b59b557761a0.js:9
[    5427ms] [INFO] 2026-05-04T13:05:23.757Z [error] eventTrailApiHelpers: trackFailure {error: Object} @ https://www.notion.com/_next/static/chunks/sentry.next.fbd5b59b557761a0.js:9
[    6248ms] [ERROR] Connecting to 'https://nam.veta.naver.com/nac/2' violates the following Content Security Policy directive: "connect-src 'self' data: blob: https://img.notionusercontent.com https://notion.so/eap https://cdn.amplitude.com https://api.amplitude.com https://www.notion.so https://app.notion.com notion://app.notion.com https://api.embed.ly https://dev-embed.notion.co https://embed.notion.co https://ekr.zdassets.com https://ekr.zendesk.com	 https://makenotion.zendesk.com	 https://api.smooch.io	 wss://api.smooch.io	 https://api.forethought.ai https://sierra.chat https://http-inputs-notion.splunkcloud.com https://*.sentry.io https://checkout.stripe.com https://js.stripe.com https://library.notion.com https://d8ejoa1fys2rk.cloudfront.net https://cdn.contentful.com https://preview.contentful.com https://images.ctfassets.net https://tracking.chilipiper.com https://api.chilipiper.com https://api.unsplash.com https://api.giphy.com/ https://giphy-analytics.giphy.com/ https://media0.giphy.com/ https://media1.giphy.com/ https://media2.giphy.com/ https://media3.giphy.com/ https://media4.giphy.com/ https://media5.giphy.com/ https://media6.giphy.com/ https://media7.giphy.com/ https://media8.giphy.com/ https://media9.giphy.com/ https://media10.giphy.com/ https://boards-api.greenhouse.io https://accounts.google.com https://oauth2.googleapis.com https://vimeo.com https://player.vimeo.com https://youtube.com https://www.youtube.com https://www.googletagmanager.com https://analytics.google.com https://www.googleadservices.com https://googleads.g.doubleclick.net https://region1.google-analytics.com https://region1.analytics.google.com https://www.google-analytics.com https://cdn.metadata.io https://platformapi.metadata.io https://api-gw.metadata.io https://api.cr-relay.com https://d2hrivdxn8ekm8.cloudfront.net https://d1lu3pmaz2ilpx.cloudfront.net https://dvqigh9b7wa32.cloudfront.net https://d330aiyvva2oww.cloudfront.net https://verifi.podscribe.com https://verifi.pdscrb.com https://pixel.tapad.com https://ipv4.podscribe.com https://ipv4.pdscrb.com https://transcend-cdn.com https://telemetry.transcend.io https://wcs.naver.com https://pgncd.notion.so https://api.statsig.com https://statsigapi.net https://exp.notion.so https://api.box.com https://api.tailorhq.ai https://app.tailorhq.ai https://cdn.tailorhq.ai https://cached-api.tailorhq.ai https://*.mux.com https://api.sprig.com https://storage.googleapis.com https://cdn.sprig.com https://cdn.userleap.com https://assets.customer.io https://track.customer.io https://*.api.gist.build https://*.cloud.gist.build https://www.google.com https://hcaptcha.com https://*.hcaptcha.com https://tiles.versatiles.org https://maps.googleapis.com https://places.googleapis.com https://pagead2.googlesyndication.com https://google.com https://x.clearbitjs.com https://app.clearbitjs.com https://connect.facebook.net https://snap.licdn.com/ https://px.ads.linkedin.com/ https://munchkin.marketo.net https://*.mktoresp.com https://info.notion.com https://bat.bing.com https://s.yimg.jp https://www.youtube-nocookie.com https://www.youtube.com/iframe_api https://js.partnerstack.com https://grsm.io https://partnerlinks.io https://analytics.tiktok.com/ https://vitals.vercel-insights.com https://va.vercel-scripts.com https://vercel.live https://www.redditstatic.com https://static.ads-twitter.com https://insights.metadata.io https://acdn.adnxs.com/dmp/up/pixie.js https://a.usbrowserspeed.com https://api.mail.dev.notion.so/graphql https://api.mail.notion.so/graphql https://*.hotjar.com https://*.hotjar.io wss://*.hotjar.com https://cloud.memsource.com https://editor.memsource.com https://api.vector.co/". The action has been blocked. @ https://www.notion.com/_next/static/chunks/sentry.next.fbd5b59b557761a0.js:9
[    6248ms] [ERROR] _app.securitypolicyviolation {blockedURI: https://nam.veta.naver.com/nac/2, violatedDirective: connect-src, sourceFile: https://www.notion.com/_next/static/chunks/sentry.next.fbd5b59b557761a0.js} @ https://www.notion.com/_next/static/chunks/sentry.next.fbd5b59b557761a0.js:9
[    6352ms] [ERROR] Connecting to 'https://stats.g.doubleclick.net/g/collect?v=2&tid=G-9ZJ8CB186L&cid=136611076.1777899925&gtm=45je64t1v876131458z8840392510za20gzb840392510zd840392510&rcb=17&aip=1&dma=0&gcs=G111&gcd=13t3t3t3t5l1&npa=0&frm=0&tag_exp=0~115938465~115938468' violates the following Content Security Policy directive: "connect-src 'self' data: blob: https://img.notionusercontent.com https://notion.so/eap https://cdn.amplitude.com https://api.amplitude.com https://www.notion.so https://app.notion.com notion://app.notion.com https://api.embed.ly https://dev-embed.notion.co https://embed.notion.co https://ekr.zdassets.com https://ekr.zendesk.com	 https://makenotion.zendesk.com	 https://api.smooch.io	 wss://api.smooch.io	 https://api.forethought.ai https://sierra.chat https://http-inputs-notion.splunkcloud.com https://*.sentry.io https://checkout.stripe.com https://js.stripe.com https://library.notion.com https://d8ejoa1fys2rk.cloudfront.net https://cdn.contentful.com https://preview.contentful.com https://images.ctfassets.net https://tracking.chilipiper.com https://api.chilipiper.com https://api.unsplash.com https://api.giphy.com/ https://giphy-analytics.giphy.com/ https://media0.giphy.com/ https://media1.giphy.com/ https://media2.giphy.com/ https://media3.giphy.com/ https://media4.giphy.com/ https://media5.giphy.com/ https://media6.giphy.com/ https://media7.giphy.com/ https://media8.giphy.com/ https://media9.giphy.com/ https://media10.giphy.com/ https://boards-api.greenhouse.io https://accounts.google.com https://oauth2.googleapis.com https://vimeo.com https://player.vimeo.com https://youtube.com https://www.youtube.com https://www.googletagmanager.com https://analytics.google.com https://www.googleadservices.com https://googleads.g.doubleclick.net https://region1.google-analytics.com https://region1.analytics.google.com https://www.google-analytics.com https://cdn.metadata.io https://platformapi.metadata.io https://api-gw.metadata.io https://api.cr-relay.com https://d2hrivdxn8ekm8.cloudfront.net https://d1lu3pmaz2ilpx.cloudfront.net https://dvqigh9b7wa32.cloudfront.net https://d330aiyvva2oww.cloudfront.net https://verifi.podscribe.com https://verifi.pdscrb.com https://pixel.tapad.com https://ipv4.podscribe.com https://ipv4.pdscrb.com https://transcend-cdn.com https://telemetry.transcend.io https://wcs.naver.com https://pgncd.notion.so https://api.statsig.com https://statsigapi.net https://exp.notion.so https://api.box.com https://api.tailorhq.ai https://app.tailorhq.ai https://cdn.tailorhq.ai https://cached-api.tailorhq.ai https://*.mux.com https://api.sprig.com https://storage.googleapis.com https://cdn.sprig.com https://cdn.userleap.com https://assets.customer.io https://track.customer.io https://*.api.gist.build https://*.cloud.gist.build https://www.google.com https://hcaptcha.com https://*.hcaptcha.com https://tiles.versatiles.org https://maps.googleapis.com https://places.googleapis.com https://pagead2.googlesyndication.com https://google.com https://x.clearbitjs.com https://app.clearbitjs.com https://connect.facebook.net https://snap.licdn.com/ https://px.ads.linkedin.com/ https://munchkin.marketo.net https://*.mktoresp.com https://info.notion.com https://bat.bing.com https://s.yimg.jp https://www.youtube-nocookie.com https://www.youtube.com/iframe_api https://js.partnerstack.com https://grsm.io https://partnerlinks.io https://analytics.tiktok.com/ https://vitals.vercel-insights.com https://va.vercel-scripts.com https://vercel.live https://www.redditstatic.com https://static.ads-twitter.com https://insights.metadata.io https://acdn.adnxs.com/dmp/up/pixie.js https://a.usbrowserspeed.com https://api.mail.dev.notion.so/graphql https://api.mail.notion.so/graphql https://*.hotjar.com https://*.hotjar.io wss://*.hotjar.com https://cloud.memsource.com https://editor.memsource.com https://api.vector.co/". The action has been blocked. @ https://transcend-cdn.com/cm/a36a42ad-3a71-444f-9e8a-b19950129dc6/airgap.js:9
[    6357ms] [ERROR] _app.securitypolicyviolation {blockedURI: https://stats.g.doubleclick.net/g/collect?v=2&tid=…3t3t5l1&npa=0&frm=0&tag_exp=0~115938465~115938468, violatedDirective: connect-src, sourceFile: https://transcend-cdn.com/cm/a36a42ad-3a71-444f-9e8a-b19950129dc6/airgap.js} @ https://www.notion.com/_next/static/chunks/sentry.next.fbd5b59b557761a0.js:9
[    6412ms] [WARNING] [GSI_LOGGER]: Your client application uses one of the Google One Tap prompt UI status methods that may stop functioning when FedCM becomes mandatory. Refer to the migration guide to update your code accordingly and opt-in to FedCM to test your changes. Learn more: https://developers.google.com/identity/gsi/web/guides/fedcm-migration?s=dc#display_moment and https://developers.google.com/identity/gsi/web/guides/fedcm-migration?s=dc#skipped_moment @ https://www.notion.com/_next/static/chunks/sentry.next.fbd5b59b557761a0.js:9
[    6413ms] [ERROR] Not signed in with the identity provider. @ https://www.notion.com/ko:0
[    6568ms] [ERROR] Connecting to 'https://api.ipify.org/?format=json' violates the following Content Security Policy directive: "connect-src 'self' data: blob: https://img.notionusercontent.com https://notion.so/eap https://cdn.amplitude.com https://api.amplitude.com https://www.notion.so https://app.notion.com notion://app.notion.com https://api.embed.ly https://dev-embed.notion.co https://embed.notion.co https://ekr.zdassets.com https://ekr.zendesk.com	 https://makenotion.zendesk.com	 https://api.smooch.io	 wss://api.smooch.io	 https://api.forethought.ai https://sierra.chat https://http-inputs-notion.splunkcloud.com https://*.sentry.io https://checkout.stripe.com https://js.stripe.com https://library.notion.com https://d8ejoa1fys2rk.cloudfront.net https://cdn.contentful.com https://preview.contentful.com https://images.ctfassets.net https://tracking.chilipiper.com https://api.chilipiper.com https://api.unsplash.com https://api.giphy.com/ https://giphy-analytics.giphy.com/ https://media0.giphy.com/ https://media1.giphy.com/ https://media2.giphy.com/ https://media3.giphy.com/ https://media4.giphy.com/ https://media5.giphy.com/ https://media6.giphy.com/ https://media7.giphy.com/ https://media8.giphy.com/ https://media9.giphy.com/ https://media10.giphy.com/ https://boards-api.greenhouse.io https://accounts.google.com https://oauth2.googleapis.com https://vimeo.com https://player.vimeo.com https://youtube.com https://www.youtube.com https://www.googletagmanager.com https://analytics.google.com https://www.googleadservices.com https://googleads.g.doubleclick.net https://region1.google-analytics.com https://region1.analytics.google.com https://www.google-analytics.com https://cdn.metadata.io https://platformapi.metadata.io https://api-gw.metadata.io https://api.cr-relay.com https://d2hrivdxn8ekm8.cloudfront.net https://d1lu3pmaz2ilpx.cloudfront.net https://dvqigh9b7wa32.cloudfront.net https://d330aiyvva2oww.cloudfront.net https://verifi.podscribe.com https://verifi.pdscrb.com https://pixel.tapad.com https://ipv4.podscribe.com https://ipv4.pdscrb.com https://transcend-cdn.com https://telemetry.transcend.io https://wcs.naver.com https://pgncd.notion.so https://api.statsig.com https://statsigapi.net https://exp.notion.so https://api.box.com https://api.tailorhq.ai https://app.tailorhq.ai https://cdn.tailorhq.ai https://cached-api.tailorhq.ai https://*.mux.com https://api.sprig.com https://storage.googleapis.com https://cdn.sprig.com https://cdn.userleap.com https://assets.customer.io https://track.customer.io https://*.api.gist.build https://*.cloud.gist.build https://www.google.com https://hcaptcha.com https://*.hcaptcha.com https://tiles.versatiles.org https://maps.googleapis.com https://places.googleapis.com https://pagead2.googlesyndication.com https://google.com https://x.clearbitjs.com https://app.clearbitjs.com https://connect.facebook.net https://snap.licdn.com/ https://px.ads.linkedin.com/ https://munchkin.marketo.net https://*.mktoresp.com https://info.notion.com https://bat.bing.com https://s.yimg.jp https://www.youtube-nocookie.com https://www.youtube.com/iframe_api https://js.partnerstack.com https://grsm.io https://partnerlinks.io https://analytics.tiktok.com/ https://vitals.vercel-insights.com https://va.vercel-scripts.com https://vercel.live https://www.redditstatic.com https://static.ads-twitter.com https://insights.metadata.io https://acdn.adnxs.com/dmp/up/pixie.js https://a.usbrowserspeed.com https://api.mail.dev.notion.so/graphql https://api.mail.notion.so/graphql https://*.hotjar.com https://*.hotjar.io wss://*.hotjar.com https://cloud.memsource.com https://editor.memsource.com https://api.vector.co/". The action has been blocked. @ https://www.notion.com/_next/static/chunks/sentry.next.fbd5b59b557761a0.js:9
[    6568ms] [ERROR] Fetch API cannot load https://api.ipify.org/?format=json. Refused to connect because it violates the document's Content Security Policy. @ https://www.notion.com/_next/static/chunks/sentry.next.fbd5b59b557761a0.js:9
[    6569ms] [ERROR] Error resolving ip TypeError: Failed to fetch (api.ipify.org)
    at https://www.notion.com/_next/static/chunks/sentry.next.fbd5b59b557761a0.js:10:8112
    at a (https://transcend-cdn.com/cm/a36a42ad-3a71-444f-9e8a-b19950129dc6/airgap.js:10:2189)
    at d (https://transcend-cdn.com/cm/a36a42ad-3a71-444f-9e8a-b19950129dc6/airgap.js:10:2545)
    at https://transcend-cdn.com/cm/a36a42ad-3a71-444f-9e8a-b19950129dc6/airgap.js:10:2566
    at resolveIp (https://cdn.metadata.io/site-insights.js:139:5)
    at Object.init (https://cdn.metadata.io/site-insights.js:249:18)
    at a.onload (<anonymous>:1:162) @ https://www.notion.com/_next/static/chunks/sentry.next.fbd5b59b557761a0.js:9
[    6569ms] [ERROR] _app.securitypolicyviolation {blockedURI: https://api.ipify.org/?format=json, violatedDirective: connect-src, sourceFile: https://www.notion.com/_next/static/chunks/sentry.next.fbd5b59b557761a0.js} @ https://www.notion.com/_next/static/chunks/sentry.next.fbd5b59b557761a0.js:9
[    6756ms] [INFO] Resource Sentinel initialized... @ https://www.notion.so/login?from=marketing&pathname=%2Fko&tid=767d27482a954f30a85669617d0cdf84:1
[    7060ms] [INFO] 2026-05-04T13:05:25.389Z [info] FeatureFlagTransactionQueue: preferIndexedDB {team: no-team-specified} @ https://www.notion.so/_assets/app-03c3b9c5cbbb2dbf.js:6
[    7152ms] [LOG] %c
	nnnnnnnnnnnnnnnnnnnnnnnnnnnnnn
	nnnn                         nnnn
	nnnnnnn                          nnnn
	nnnnnnnnnnnnnnnnnnnnnnnnnnnnnnnnnnnnnn
	nnnnnnnnnnnnnnnnnnnnnnnnnnnnnnnnnnnnnn
	nnnnnnnn                           nnn
	nnnnnnnn    nnnnnnnn     nnnnnnn   nnn
	nnnnnnnn      nnnnnnn      nnn     nnn
	nnnnnnnn      nnnnnnnn     nnn     nnn
	nnnnnnnn      nnnnnnnnnn   nnn     nnn
	nnnnnnnn      nnn nnnnnnn  nnn     nnn
	nnnnnnnn      nnn  nnnnnnnnnnn     nnn
	nnnnnnnn      nnn   nnnnnnnnnn     nnn
	nnnnnnnn      nnn     nnnnnnnn     nnn
	nnnnnnnn      nnn      nnnnnnn     nnn
	nnnnnnnn    nnnnnnnn    nnnnnn     nnn
	  nnnnnn                           nnn
		nnnnnnnnnnnnnnnnnnnnnnnnnnnnnnnnnn		We're hiring!
		  nnnnnnnnnnnnnnnnnnnnnnnnnnnnnnnn		notion.so/careers

	“yeah, I would probably eat a lemon for one hundred dollars” -- Ivan Zhao (2023-07-14)
				  font-family: monospace @ https://www.notion.so/_assets/mainApp-1a7b03b3b39726b5.js:76
[    7236ms] [INFO] 2026-05-04T13:05:25.565Z [info] useExpPingPolling: exp_ping_success {data: Object} @ https://www.notion.so/_assets/app-03c3b9c5cbbb2dbf.js:6
[    7339ms] [WARNING] Ignoring inability to install OPFS sqlite3_vfs: Cannot install OPFS: Missing SharedArrayBuffer and/or Atomics. The server must emit the COOP/COEP response headers to enable those. See https://sqlite.org/wasm/doc/trunk/persistence.md#coop-coep @ https://www.notion.so/_assets/wasm-sqlite-worker-98074fa7be5e0051.js:0
[    7365ms] [WARNING] Amplitude Logger [Warn]: Event not tracked, no destination plugins on the instance @ https://www.notion.so/_assets/76406-6b42df3763f56eeb.js:472
[    7366ms] [INFO] 2026-05-04T13:05:25.695Z [error] eventTrailApiHelpers: trackFailure {error: Object} @ https://www.notion.so/_assets/76406-6b42df3763f56eeb.js:472
[    7412ms] [INFO] 2026-05-04T13:05:25.742Z [info] sqliteSchemaHelpers: attemptFastForwardMigration {data: Object} @ https://www.notion.so/_assets/76406-6b42df3763f56eeb.js:472
[    7426ms] [INFO] 2026-05-04T13:05:25.756Z [info] sqliteSchemaHelpers: successfulFastForwardMigration {data: Object} @ https://www.notion.so/_assets/76406-6b42df3763f56eeb.js:472
[    7699ms] [WARNING] [GSI_LOGGER]: Your client application uses one of the Google One Tap prompt UI status methods that may stop functioning when FedCM becomes mandatory. Refer to the migration guide to update your code accordingly and opt-in to FedCM to test your changes. Learn more: https://developers.google.com/identity/gsi/web/guides/fedcm-migration?s=dc#display_moment and https://developers.google.com/identity/gsi/web/guides/fedcm-migration?s=dc#skipped_moment @ https://www.notion.so/_assets/76406-6b42df3763f56eeb.js:472
[    7700ms] [ERROR] Not signed in with the identity provider. @ https://www.notion.so/login?from=marketing&pathname=%2Fko:0
[    8800ms] [ERROR] Failed to load resource: the server responded with a status of 403 () @ https://cdn.metadata.io/pixel/config/1127.json:0
[   10243ms] [ERROR] Cross-Origin-Opener-Policy policy would block the window.closed call. @ https://www.notion.so/_assets/61315-8a0fb064eaa3fc7e.js:205
[   10243ms] [ERROR] Cross-Origin-Opener-Policy policy would block the window.closed call. @ https://www.notion.so/_assets/61315-8a0fb064eaa3fc7e.js:205
[   22358ms] [ERROR] [GSI_LOGGER]: FedCM get() rejects with NetworkError: Error retrieving a token. @ https://www.notion.so/_assets/76406-6b42df3763f56eeb.js:472
[   37192ms] [INFO] 2026-05-04T13:05:55.522Z [info] useExpPingPolling: exp_ping_success {data: Object} @ https://www.notion.so/_assets/76406-6b42df3763f56eeb.js:472
[   59443ms] [ERROR] Cross-Origin-Opener-Policy policy would block the window.closed call. @ https://www.notion.so/_assets/61315-8a0fb064eaa3fc7e.js:205
[   59443ms] [ERROR] Cross-Origin-Opener-Policy policy would block the window.closed call. @ https://www.notion.so/_assets/61315-8a0fb064eaa3fc7e.js:205
[   59819ms] [ERROR] Cross-Origin-Opener-Policy policy would block the window.close call. @ https://www.notion.so/_assets/61315-8a0fb064eaa3fc7e.js:205
[   59819ms] [ERROR] Cross-Origin-Opener-Policy policy would block the window.close call. @ https://www.notion.so/_assets/61315-8a0fb064eaa3fc7e.js:205
[   59828ms] [INFO] 2026-05-04T13:06:18.158Z [info] handleGoogleAuthRedirect: googleAuthRedirect {data: Object} @ https://www.notion.so/_assets/76406-6b42df3763f56eeb.js:472
[   61167ms] [INFO] 2026-05-04T13:06:19.496Z [info] useExpPingPolling: exp_ping_success {data: Object} @ https://www.notion.so/_assets/76406-6b42df3763f56eeb.js:472
[   61926ms] [INFO] 2026-05-04T13:06:20.255Z [error] main: ClientError {error: Object} @ https://www.notion.so/_assets/76406-6b42df3763f56eeb.js:472
[   61940ms] Error: Failed to load a required record: user_root, 1803e716-9c28-4f11-9215-20e6f4917af4, undefined.
    at Object.loadRecordModel [as loadFn] (https://www.notion.so/_assets/61315-8a0fb064eaa3fc7e.js:5:73051)
    at async https://www.notion.so/_assets/61315-8a0fb064eaa3fc7e.js:207:107747
    at async Promise.all (index 0)
    at async o (https://www.notion.so/_assets/61315-8a0fb064eaa3fc7e.js:207:107688)
    at async r (https://www.notion.so/_assets/61315-8a0fb064eaa3fc7e.js:207:107299)
    at async Object.s (https://www.notion.so/_assets/61315-8a0fb064eaa3fc7e.js:207:108460)
    at async Object.r (https://www.notion.so/_assets/61315-8a0fb064eaa3fc7e.js:5:72625)
    at async h (https://www.notion.so/_assets/61315-8a0fb064eaa3fc7e.js:86:102634)
    at async r.measureErrors (https://www.notion.so/_assets/61315-8a0fb064eaa3fc7e.js:206:1224719)
    at async g (https://www.notion.so/_assets/61315-8a0fb064eaa3fc7e.js:86:100729)
[   62128ms] [ERROR] Attestation check for Attribution Reporting on https://www.facebook.com failed. @ https://www.notion.so/:0
[   62669ms] [INFO] 2026-05-04T13:06:20.998Z [info] ai.completionActions: maybeUpdateAIUsageEligibilityStoreV2Refreshing {data: Object} @ https://www.notion.so/_assets/76406-6b42df3763f56eeb.js:472
[   63264ms] [INFO] 2026-05-04T13:06:21.593Z [info] PageLoader: loserAborted {data: Object} @ https://www.notion.so/_assets/76406-6b42df3763f56eeb.js:472
[   64957ms] [ERROR] Failed to load resource: the server responded with a status of 502 () @ https://www.notion.so/api/v3/etClient:0
[   64959ms] [WARNING] Amplitude Logger [Warn]: {code: 0, error: "Status 'failed' provided for 26 events"} @ https://www.notion.so/_assets/76406-6b42df3763f56eeb.js:472
[   86018ms] [INFO] 2026-05-04T13:06:44.348Z [info] PageLoader: loserAborted {data: Object} @ https://www.notion.so/_assets/76406-6b42df3763f56eeb.js:472
[  130314ms] [INFO] Resource Sentinel initialized... @ https://www.notion.so/35029ccf06a5805dbfe6ed87bf450eb9?v=35029ccf06a58006ae1e000cd3535b0d&assetsVersion=23.13.20260504.1050&cookie_sync_completed=true:0
[  130476ms] [INFO] 2026-05-04T13:07:28.806Z [info] FeatureFlagTransactionQueue: preferIndexedDB {team: no-team-specified} @ https://www.notion.so/_assets/app-03c3b9c5cbbb2dbf.js:6
[  130496ms] [LOG] %c
	nnnnnnnnnnnnnnnnnnnnnnnnnnnnnn
	nnnn                         nnnn
	nnnnnnn                          nnnn
	nnnnnnnnnnnnnnnnnnnnnnnnnnnnnnnnnnnnnn
	nnnnnnnnnnnnnnnnnnnnnnnnnnnnnnnnnnnnnn
	nnnnnnnn                           nnn
	nnnnnnnn    nnnnnnnn     nnnnnnn   nnn
	nnnnnnnn      nnnnnnn      nnn     nnn
	nnnnnnnn      nnnnnnnn     nnn     nnn
	nnnnnnnn      nnnnnnnnnn   nnn     nnn
	nnnnnnnn      nnn nnnnnnn  nnn     nnn
	nnnnnnnn      nnn  nnnnnnnnnnn     nnn
	nnnnnnnn      nnn   nnnnnnnnnn     nnn
	nnnnnnnn      nnn     nnnnnnnn     nnn
	nnnnnnnn      nnn      nnnnnnn     nnn
	nnnnnnnn    nnnnnnnn    nnnnnn     nnn
	  nnnnnn                           nnn
		nnnnnnnnnnnnnnnnnnnnnnnnnnnnnnnnnn		We're hiring!
		  nnnnnnnnnnnnnnnnnnnnnnnnnnnnnnnn		notion.so/careers

	“yeah, I would probably eat a lemon for one hundred dollars” -- Ivan Zhao (2023-07-14)
				  font-family: monospace @ https://www.notion.so/_assets/mainApp-1a7b03b3b39726b5.js:76
[  130568ms] [WARNING] Ignoring inability to install OPFS sqlite3_vfs: Cannot install OPFS: Missing SharedArrayBuffer and/or Atomics. The server must emit the COOP/COEP response headers to enable those. See https://sqlite.org/wasm/doc/trunk/persistence.md#coop-coep @ https://www.notion.so/_assets/wasm-sqlite-worker-98074fa7be5e0051.js:0
[  130624ms] [INFO] 2026-05-04T13:07:28.954Z [info] PageLoader: loserAborted {data: Object} @ https://www.notion.so/_assets/app-03c3b9c5cbbb2dbf.js:6
[  131187ms] [WARNING] Amplitude Logger [Warn]: Event not tracked, no destination plugins on the instance @ https://www.notion.so/_assets/transport-support-49d6a98cbf389fa8.js:0
[  131187ms] [INFO] 2026-05-04T13:07:29.516Z [error] eventTrailApiHelpers: trackFailure {error: Object} @ https://www.notion.so/_assets/app-03c3b9c5cbbb2dbf.js:6
[  131243ms] [ERROR] Failed to load resource: the server responded with a status of 403 () @ https://cdn.metadata.io/pixel/config/1127.json:0
[  131712ms] [INFO] 2026-05-04T13:07:30.041Z [info] ai.completionActions: maybeUpdateAIUsageEligibilityStoreV2Refreshing {data: Object} @ https://www.notion.so/_assets/76406-6b42df3763f56eeb.js:472
[  203869ms] [WARNING] Blocked aria-hidden on an element because its descendant retained focus. The focus must not be hidden from assistive technology users. Avoid using aria-hidden on a focused element or its ancestor. Consider using the inert attribute instead, which will also prevent focus. For more details, see the aria-hidden section of the WAI-ARIA specification at https://w3c.github.io/aria/#aria-hidden.
Element with focus: <div.xixxii4 x13vifvy x1o0tod xn9wirt x1dr59a3>
Ancestor with aria-hidden: <div.xixxii4 x13vifvy x1o0tod xn9wirt x1dr59a3> @ https://www.notion.so/35029ccf06a5805dbfe6ed87bf450eb9?v=35029ccf06a58006ae1e000cd3535b0d:0
[  205685ms] [WARNING] Blocked aria-hidden on an element because its descendant retained focus. The focus must not be hidden from assistive technology users. Avoid using aria-hidden on a focused element or its ancestor. Consider using the inert attribute instead, which will also prevent focus. For more details, see the aria-hidden section of the WAI-ARIA specification at https://w3c.github.io/aria/#aria-hidden.
Element with focus: <div.xixxii4 x13vifvy x1o0tod xn9wirt x1dr59a3>
Ancestor with aria-hidden: <div.xixxii4 x13vifvy x1o0tod xn9wirt x1dr59a3> @ https://www.notion.so/35029ccf06a5805dbfe6ed87bf450eb9?v=35029ccf06a58006ae1e000cd3535b0d:0
[  246490ms] [WARNING] Blocked aria-hidden on an element because its descendant retained focus. The focus must not be hidden from assistive technology users. Avoid using aria-hidden on a focused element or its ancestor. Consider using the inert attribute instead, which will also prevent focus. For more details, see the aria-hidden section of the WAI-ARIA specification at https://w3c.github.io/aria/#aria-hidden.
Element with focus: <div.xixxii4 x13vifvy x1o0tod xn9wirt x1dr59a3>
Ancestor with aria-hidden: <div.xixxii4 x13vifvy x1o0tod xn9wirt x1dr59a3> @ https://www.notion.so/35029ccf06a5805dbfe6ed87bf450eb9?v=35029ccf06a58006ae1e000cd3535b0d:0
[  261215ms] [INFO] 2026-05-04T13:09:39.545Z [info] ai.completionActions: maybeUpdateAIUsageEligibilityStoreV2Refreshing {data: Object} @ https://www.notion.so/_assets/76406-6b42df3763f56eeb.js:472
[  268995ms] [WARNING] Blocked aria-hidden on an element because its descendant retained focus. The focus must not be hidden from assistive technology users. Avoid using aria-hidden on a focused element or its ancestor. Consider using the inert attribute instead, which will also prevent focus. For more details, see the aria-hidden section of the WAI-ARIA specification at https://w3c.github.io/aria/#aria-hidden.
Element with focus: <div.xixxii4 x13vifvy x1o0tod xn9wirt x1dr59a3>
Ancestor with aria-hidden: <div.xixxii4 x13vifvy x1o0tod xn9wirt x1dr59a3> @ https://www.notion.so/35029ccf06a5805dbfe6ed87bf450eb9?v=35029ccf06a58006ae1e000cd3535b0d:0
[  856661ms] [INFO] 2026-05-04T13:19:34.990Z [info] PageLoader: loserAborted {data: Object} @ https://www.notion.so/_assets/76406-6b42df3763f56eeb.js:472
[  856661ms] [INFO] 2026-05-04T13:19:34.991Z [info] PageLoader: loserAborted {data: Object} @ https://www.notion.so/_assets/76406-6b42df3763f56eeb.js:472
[ 1005299ms] [INFO] 2026-05-04T13:22:03.628Z [info] PageLoader: loserAborted {data: Object} @ https://www.notion.so/_assets/76406-6b42df3763f56eeb.js:472
[ 1156723ms] [INFO] 2026-05-04T13:24:35.053Z [info] PageLoader: loserAborted {data: Object} @ https://www.notion.so/_assets/76406-6b42df3763f56eeb.js:472
[ 1156727ms] [INFO] 2026-05-04T13:24:35.057Z [info] PageLoader: loserAborted {data: Object} @ https://www.notion.so/_assets/76406-6b42df3763f56eeb.js:472
[ 1240892ms] [INFO] 2026-05-04T13:25:59.222Z [info] PageLoader: loserAborted {data: Object} @ https://www.notion.so/_assets/76406-6b42df3763f56eeb.js:472
[ 1264568ms] [WARNING] Blocked aria-hidden on an element because its descendant retained focus. The focus must not be hidden from assistive technology users. Avoid using aria-hidden on a focused element or its ancestor. Consider using the inert attribute instead, which will also prevent focus. For more details, see the aria-hidden section of the WAI-ARIA specification at https://w3c.github.io/aria/#aria-hidden.
Element with focus: <div.xixxii4 x13vifvy x1o0tod xn9wirt x1dr59a3>
Ancestor with aria-hidden: <div.xixxii4 x13vifvy x1o0tod xn9wirt x1dr59a3> @ https://www.notion.so/35029ccf06a5805dbfe6ed87bf450eb9?v=35029ccf06a58006ae1e000cd3535b0d:0
[ 1272183ms] [WARNING] Blocked aria-hidden on an element because its descendant retained focus. The focus must not be hidden from assistive technology users. Avoid using aria-hidden on a focused element or its ancestor. Consider using the inert attribute instead, which will also prevent focus. For more details, see the aria-hidden section of the WAI-ARIA specification at https://w3c.github.io/aria/#aria-hidden.
Element with focus: <div.xixxii4 x13vifvy x1o0tod xn9wirt x1dr59a3>
Ancestor with aria-hidden: <div.xixxii4 x13vifvy x1o0tod xn9wirt x1dr59a3> @ https://www.notion.so/35029ccf06a5805dbfe6ed87bf450eb9?v=35029ccf06a58006ae1e000cd3535b0d:0
[ 1791871ms] [INFO] 2026-05-04T13:35:10.200Z [info] syncRecordValuesBatched: recordPointerMissingSpaceId {actor: Object, data: Object} @ https://www.notion.so/_assets/76406-6b42df3763f56eeb.js:472
[ 1819636ms] [WARNING] Blocked aria-hidden on an element because its descendant retained focus. The focus must not be hidden from assistive technology users. Avoid using aria-hidden on a focused element or its ancestor. Consider using the inert attribute instead, which will also prevent focus. For more details, see the aria-hidden section of the WAI-ARIA specification at https://w3c.github.io/aria/#aria-hidden.
Element with focus: <div.xixxii4 x13vifvy x1o0tod xn9wirt x1dr59a3>
Ancestor with aria-hidden: <div.xixxii4 x13vifvy x1o0tod xn9wirt x1dr59a3> @ https://www.notion.so/35029ccf06a5805dbfe6ed87bf450eb9?v=35029ccf06a58006ae1e000cd3535b0d:0
[ 1821158ms] [INFO] 2026-05-04T13:35:39.488Z [info] PageLoader: loserAborted {data: Object} @ https://www.notion.so/_assets/76406-6b42df3763f56eeb.js:472
[ 1821159ms] [INFO] 2026-05-04T13:35:39.489Z [info] PageLoader: loserAborted {data: Object} @ https://www.notion.so/_assets/76406-6b42df3763f56eeb.js:472
[ 1831551ms] [INFO] 2026-05-04T13:35:49.880Z [warning] TransactionQueueDependencies: MultiSpaceTransactionWarning {data: Object} @ https://www.notion.so/_assets/76406-6b42df3763f56eeb.js:472
[ 1832857ms] [INFO] 2026-05-04T13:35:51.187Z [warning] TransactionQueueDependencies: MultiSpaceTransactionWarning {data: Object} @ https://www.notion.so/_assets/76406-6b42df3763f56eeb.js:472
[ 1834474ms] [INFO] 2026-05-04T13:35:52.803Z [warning] TransactionQueueDependencies: MultiSpaceTransactionWarning {data: Object} @ https://www.notion.so/_assets/76406-6b42df3763f56eeb.js:472
[ 1875378ms] [WARNING] Blocked aria-hidden on an element because its descendant retained focus. The focus must not be hidden from assistive technology users. Avoid using aria-hidden on a focused element or its ancestor. Consider using the inert attribute instead, which will also prevent focus. For more details, see the aria-hidden section of the WAI-ARIA specification at https://w3c.github.io/aria/#aria-hidden.
Element with focus: <div.xixxii4 x13vifvy x1o0tod xn9wirt x1dr59a3>
Ancestor with aria-hidden: <div.xixxii4 x13vifvy x1o0tod xn9wirt x1dr59a3> @ https://www.notion.so/35029ccf06a5805dbfe6ed87bf450eb9?v=35029ccf06a58006ae1e000cd3535b0d:0
[ 1907483ms] [INFO] 2026-05-04T13:37:05.812Z [info] syncRecordValuesBatched: recordPointerMissingSpaceId {actor: Object, data: Object} @ https://www.notion.so/_assets/76406-6b42df3763f56eeb.js:472
[ 1948451ms] [INFO] 2026-05-04T13:37:46.781Z [info] PageLoader: loserAborted {data: Object} @ https://www.notion.so/_assets/76406-6b42df3763f56eeb.js:472
[ 1948452ms] [INFO] 2026-05-04T13:37:46.781Z [info] PageLoader: loserAborted {data: Object} @ https://www.notion.so/_assets/76406-6b42df3763f56eeb.js:472
[ 1958339ms] [WARNING] Blocked aria-hidden on an element because its descendant retained focus. The focus must not be hidden from assistive technology users. Avoid using aria-hidden on a focused element or its ancestor. Consider using the inert attribute instead, which will also prevent focus. For more details, see the aria-hidden section of the WAI-ARIA specification at https://w3c.github.io/aria/#aria-hidden.
Element with focus: <div.xixxii4 x13vifvy x1o0tod xn9wirt x1dr59a3>
Ancestor with aria-hidden: <div.xixxii4 x13vifvy x1o0tod xn9wirt x1dr59a3> @ https://www.notion.so/35029ccf06a5805dbfe6ed87bf450eb9?v=35029ccf06a58006ae1e000cd3535b0d:0
